Jul 26, 2024 2:37:47 PM com.example.toolrental.ChargeProcessor logChargeRules
INFO: ChargeProcessor initialized with rule: LADW, Ladder, Werner
Jul 26, 2024 2:37:47 PM com.example.toolrental.ChargeProcessor logChargeRules
INFO: ChargeProcessor initialized with rule: CHNS, Chainsaw, Stihl
Jul 26, 2024 2:37:47 PM com.example.toolrental.ChargeProcessor logChargeRules
INFO: ChargeProcessor initialized with rule: JAKD, Jackhammer, DeWalt
Jul 26, 2024 2:37:47 PM com.example.toolrental.ChargeProcessor logChargeRules
INFO: ChargeProcessor initialized with rule: JAKR, Jackhammer, Ridgid
Jul 26, 2024 2:37:47 PM com.example.toolrental.ChargeRule getCharge
INFO: Date: 2024-07-02, Charge: 1.99, Tool Code: LADW, Tool Type: Ladder, Tool Brand: Werner
Jul 26, 2024 2:37:47 PM com.example.toolrental.RentalAgreement <init>
INFO: Daily Rental Charge: 1.99
Jul 26, 2024 2:37:47 PM com.example.toolrental.ChargeRule getCharge
INFO: Date: 2024-07-02, Charge: 1.49, Tool Code: CHNS, Tool Type: Chainsaw, Tool Brand: Stihl
Jul 26, 2024 2:37:47 PM com.example.toolrental.RentalAgreement <init>
INFO: Daily Rental Charge: 1.49
Jul 26, 2024 2:37:47 PM com.example.toolrental.ChargeRule getCharge
INFO: Date: 2024-07-02, Charge: 2.99, Tool Code: JAKD, Tool Type: Jackhammer, Tool Brand: DeWalt
Jul 26, 2024 2:37:47 PM com.example.toolrental.RentalAgreement <init>
INFO: Daily Rental Charge: 2.99
Jul 26, 2024 2:37:47 PM com.example.toolrental.ChargeRule getCharge
INFO: Date: 2024-07-02, Charge: 2.99, Tool Code: JAKR, Tool Type: Jackhammer, Tool Brand: Ridgid
Jul 26, 2024 2:37:47 PM com.example.toolrental.RentalAgreement <init>
INFO: Daily Rental Charge: 2.99
Jul 26, 2024 2:37:47 PM com.example.toolrental.ChargeRule getCharge
INFO: Date: 2024-07-02, Charge: 1.99, Tool Code: LADW, Tool Type: Ladder, Tool Brand: Werner
Jul 26, 2024 2:37:47 PM com.example.toolrental.RentalAgreement <init>
INFO: Daily Rental Charge: 1.99
Jul 26, 2024 2:37:47 PM com.example.toolrental.RentalAgreement printAgreement
INFO: ********** Rental Agreement 1 **********
---------- Tool Information ----------
Tool code: LADW
Tool type: Ladder
Tool brand: Werner
Rental days: 2
Check out date: 07/02/24
Due date: 07/04/24
--------------------------------------
------------ Charges -----------------
Daily rental charge per tool: $1.99
Quantity: 1
Charge days: 2
Pre-discount charge: $3.98
Discount percent: 0%
Discount amount: $0.00
** Final charge: $3.98 **
**************************************

Jul 26, 2024 2:37:47 PM com.example.toolrental.RentalAgreement printAgreement
INFO: ********** Rental Agreement 2 **********
---------- Tool Information ----------
Tool code: CHNS
Tool type: Chainsaw
Tool brand: Stihl
Rental days: 3
Check out date: 07/02/24
Due date: 07/05/24
--------------------------------------
------------ Charges -----------------
Daily rental charge per tool: $1.49
Quantity: 1
Charge days: 3
Pre-discount charge: $4.47
Discount percent: 15%
Discount amount: $0.67
** Final charge: $3.80 **
**************************************

Jul 26, 2024 2:37:47 PM com.example.toolrental.RentalAgreement printAgreement
INFO: ********** Rental Agreement 3 **********
---------- Tool Information ----------
Tool code: JAKD
Tool type: Jackhammer
Tool brand: DeWalt
Rental days: 2
Check out date: 07/02/24
Due date: 07/04/24
--------------------------------------
------------ Charges -----------------
Daily rental charge per tool: $2.99
Quantity: 2
Charge days: 2
Pre-discount charge: $11.96
Discount percent: 0%
Discount amount: $0.00
** Final charge: $11.96 **
**************************************

Jul 26, 2024 2:37:47 PM com.example.toolrental.RentalAgreement printAgreement
INFO: ********** Rental Agreement 4 **********
---------- Tool Information ----------
Tool code: JAKR
Tool type: Jackhammer
Tool brand: Ridgid
Rental days: 3
Check out date: 07/02/24
Due date: 07/05/24
--------------------------------------
------------ Charges -----------------
Daily rental charge per tool: $2.99
Quantity: 1
Charge days: 2
Pre-discount charge: $5.98
Discount percent: 10%
Discount amount: $0.60
** Final charge: $5.38 **
**************************************

Jul 26, 2024 2:37:47 PM com.example.toolrental.RentalAgreement printAgreement
INFO: ********** Rental Agreement 5 **********
---------- Tool Information ----------
Tool code: LADW
Tool type: Ladder
Tool brand: Werner
Rental days: 4
Check out date: 07/02/24
Due date: 07/06/24
--------------------------------------
------------ Charges -----------------
Daily rental charge per tool: $1.99
Quantity: 3
Charge days: 3
Pre-discount charge: $17.91
Discount percent: 10%
Discount amount: $1.79
** Final charge: $16.12 **
**************************************

Jul 26, 2024 2:37:47 PM com.example.toolrental.ChargeRule getCharge
INFO: Date: 2024-07-02, Charge: 1.99, Tool Code: LADW, Tool Type: Ladder, Tool Brand: Werner
Jul 26, 2024 2:37:47 PM com.example.toolrental.RentalAgreement <init>
INFO: Daily Rental Charge: 1.99
Jul 26, 2024 2:37:47 PM com.example.toolrental.ChargeRule getCharge
INFO: Date: 2024-07-02, Charge: 1.49, Tool Code: CHNS, Tool Type: Chainsaw, Tool Brand: Stihl
Jul 26, 2024 2:37:47 PM com.example.toolrental.RentalAgreement <init>
INFO: Daily Rental Charge: 1.49
Jul 26, 2024 2:37:47 PM com.example.toolrental.ChargeRule getCharge
INFO: Date: 2024-07-02, Charge: 2.99, Tool Code: JAKD, Tool Type: Jackhammer, Tool Brand: DeWalt
Jul 26, 2024 2:37:47 PM com.example.toolrental.RentalAgreement <init>
INFO: Daily Rental Charge: 2.99
Jul 26, 2024 2:37:47 PM com.example.toolrental.ChargeRule getCharge
INFO: Date: 2024-07-02, Charge: 2.99, Tool Code: JAKR, Tool Type: Jackhammer, Tool Brand: Ridgid
Jul 26, 2024 2:37:47 PM com.example.toolrental.RentalAgreement <init>
INFO: Daily Rental Charge: 2.99
Jul 26, 2024 2:37:47 PM com.example.toolrental.ChargeRule getCharge
INFO: Date: 2024-07-02, Charge: 1.99, Tool Code: LADW, Tool Type: Ladder, Tool Brand: Werner
Jul 26, 2024 2:37:47 PM com.example.toolrental.RentalAgreement <init>
INFO: Daily Rental Charge: 1.99
Jul 26, 2024 2:37:47 PM com.example.toolrental.ShoppingCart printConsolidatedAgreement
INFO: 
********** Consolidated Rental Agreement **********

---------- Tool 1 Information (LADW - Ladder) ----------
Tool code: LADW
Tool type: Ladder
Tool brand: Werner
Rental days: 2
Check out date: 07/02/24
Due date: 07/04/24

------------ Charges -----------------
Daily rental charge per tool: $1.99
Quantity: 1
Charge days: 2
Pre-discount charge: $3.98
Discount percent: 0%
Discount amount: $0.00
Final charge: $3.98

------------------------------

---------- Tool 2 Information (CHNS - Chainsaw) ----------
Tool code: CHNS
Tool type: Chainsaw
Tool brand: Stihl
Rental days: 3
Check out date: 07/02/24
Due date: 07/05/24

------------ Charges -----------------
Daily rental charge per tool: $1.49
Quantity: 1
Charge days: 3
Pre-discount charge: $4.47
Discount percent: 15%
Discount amount: $0.67
Final charge: $3.80

------------------------------

---------- Tool 3 Information (JAKD - Jackhammer) ----------
Tool code: JAKD
Tool type: Jackhammer
Tool brand: DeWalt
Rental days: 2
Check out date: 07/02/24
Due date: 07/04/24

------------ Charges -----------------
Daily rental charge per tool: $2.99
Quantity: 2
Charge days: 2
Pre-discount charge: $11.96
Discount percent: 0%
Discount amount: $0.00
Final charge: $11.96

------------------------------

---------- Tool 4 Information (JAKR - Jackhammer) ----------
Tool code: JAKR
Tool type: Jackhammer
Tool brand: Ridgid
Rental days: 3
Check out date: 07/02/24
Due date: 07/05/24

------------ Charges -----------------
Daily rental charge per tool: $2.99
Quantity: 1
Charge days: 2
Pre-discount charge: $5.98
Discount percent: 10%
Discount amount: $0.60
Final charge: $5.38

------------------------------

---------- Tool 5 Information (LADW - Ladder) ----------
Tool code: LADW
Tool type: Ladder
Tool brand: Werner
Rental days: 4
Check out date: 07/02/24
Due date: 07/06/24

------------ Charges -----------------
Daily rental charge per tool: $1.99
Quantity: 3
Charge days: 3
Pre-discount charge: $17.91
Discount percent: 10%
Discount amount: $1.79
Final charge: $16.12


============== Summary ==============
Total pre-discount charge: $44.30
Total discount amount: $3.06
Total final charge: $41.24
**************************************

